Performing C++ SOURCE FILE Test COMPILER_SUPPORT_Wshorten64to32 failed with the following output:
Change Dir: /home/siddharth/Desktop/Georgia_Tech_courses/Robotics-Perception_Upenn/Logo_Projection/my_code/eigen-eigen-323c052e1731/cmake/CMakeFiles/CMakeTmp

Run Build Command:"/usr/bin/make" "cmTC_249e6/fast"
/usr/bin/make -f CMakeFiles/cmTC_249e6.dir/build.make CMakeFiles/cmTC_249e6.dir/build
make[1]: Entering directory '/home/siddharth/Desktop/Georgia_Tech_courses/Robotics-Perception_Upenn/Logo_Projection/my_code/eigen-eigen-323c052e1731/cmake/CMakeFiles/CMakeTmp'
Building CXX object CMakeFiles/cmTC_249e6.dir/src.cxx.o
/usr/bin/c++     -std=c++03 -pedantic -Wall -Wextra -Wundef -Wcast-align -Wchar-subscripts -Wnon-virtual-dtor -Wunused-local-typedefs -Wpointer-arith -Wwrite-strings -Wformat-security -DCOMPILER_SUPPORT_Wshorten64to32 -Werror   -Wshorten-64-to-32 -o CMakeFiles/cmTC_249e6.dir/src.cxx.o -c /home/siddharth/Desktop/Georgia_Tech_courses/Robotics-Perception_Upenn/Logo_Projection/my_code/eigen-eigen-323c052e1731/cmake/CMakeFiles/CMakeTmp/src.cxx
c++: error: unrecognized command line option '-Wshorten-64-to-32'
CMakeFiles/cmTC_249e6.dir/build.make:65: recipe for target 'CMakeFiles/cmTC_249e6.dir/src.cxx.o' failed
make[1]: *** [CMakeFiles/cmTC_249e6.dir/src.cxx.o] Error 1
make[1]: Leaving directory '/home/siddharth/Desktop/Georgia_Tech_courses/Robotics-Perception_Upenn/Logo_Projection/my_code/eigen-eigen-323c052e1731/cmake/CMakeFiles/CMakeTmp'
Makefile:126: recipe for target 'cmTC_249e6/fast' failed
make: *** [cmTC_249e6/fast] Error 2

Source file was:
int main() { return 0; }
Performing C++ SOURCE FILE Test COMPILER_SUPPORT_Wenumconversion failed with the following output:
Change Dir: /home/siddharth/Desktop/Georgia_Tech_courses/Robotics-Perception_Upenn/Logo_Projection/my_code/eigen-eigen-323c052e1731/cmake/CMakeFiles/CMakeTmp

Run Build Command:"/usr/bin/make" "cmTC_52e72/fast"
/usr/bin/make -f CMakeFiles/cmTC_52e72.dir/build.make CMakeFiles/cmTC_52e72.dir/build
make[1]: Entering directory '/home/siddharth/Desktop/Georgia_Tech_courses/Robotics-Perception_Upenn/Logo_Projection/my_code/eigen-eigen-323c052e1731/cmake/CMakeFiles/CMakeTmp'
Building CXX object CMakeFiles/cmTC_52e72.dir/src.cxx.o
/usr/bin/c++     -std=c++03 -pedantic -Wall -Wextra -Wundef -Wcast-align -Wchar-subscripts -Wnon-virtual-dtor -Wunused-local-typedefs -Wpointer-arith -Wwrite-strings -Wformat-security -Wlogical-op -DCOMPILER_SUPPORT_Wenumconversion -Werror   -Wenum-conversion -o CMakeFiles/cmTC_52e72.dir/src.cxx.o -c /home/siddharth/Desktop/Georgia_Tech_courses/Robotics-Perception_Upenn/Logo_Projection/my_code/eigen-eigen-323c052e1731/cmake/CMakeFiles/CMakeTmp/src.cxx
c++: error: unrecognized command line option '-Wenum-conversion'; did you mean '-Wno-conversion'?
CMakeFiles/cmTC_52e72.dir/build.make:65: recipe for target 'CMakeFiles/cmTC_52e72.dir/src.cxx.o' failed
make[1]: *** [CMakeFiles/cmTC_52e72.dir/src.cxx.o] Error 1
make[1]: Leaving directory '/home/siddharth/Desktop/Georgia_Tech_courses/Robotics-Perception_Upenn/Logo_Projection/my_code/eigen-eigen-323c052e1731/cmake/CMakeFiles/CMakeTmp'
Makefile:126: recipe for target 'cmTC_52e72/fast' failed
make: *** [cmTC_52e72/fast] Error 2

Source file was:
int main() { return 0; }
Performing C++ SOURCE FILE Test COMPILER_SUPPORT_Wcpp11extensions failed with the following output:
Change Dir: /home/siddharth/Desktop/Georgia_Tech_courses/Robotics-Perception_Upenn/Logo_Projection/my_code/eigen-eigen-323c052e1731/cmake/CMakeFiles/CMakeTmp

Run Build Command:"/usr/bin/make" "cmTC_0756d/fast"
/usr/bin/make -f CMakeFiles/cmTC_0756d.dir/build.make CMakeFiles/cmTC_0756d.dir/build
make[1]: Entering directory '/home/siddharth/Desktop/Georgia_Tech_courses/Robotics-Perception_Upenn/Logo_Projection/my_code/eigen-eigen-323c052e1731/cmake/CMakeFiles/CMakeTmp'
Building CXX object CMakeFiles/cmTC_0756d.dir/src.cxx.o
/usr/bin/c++     -std=c++03 -pedantic -Wall -Wextra -Wundef -Wcast-align -Wchar-subscripts -Wnon-virtual-dtor -Wunused-local-typedefs -Wpointer-arith -Wwrite-strings -Wformat-security -Wlogical-op -DCOMPILER_SUPPORT_Wcpp11extensions -Werror   -Wc++11-extensions -o CMakeFiles/cmTC_0756d.dir/src.cxx.o -c /home/siddharth/Desktop/Georgia_Tech_courses/Robotics-Perception_Upenn/Logo_Projection/my_code/eigen-eigen-323c052e1731/cmake/CMakeFiles/CMakeTmp/src.cxx
c++: error: unrecognized command line option '-Wc++11-extensions'; did you mean '-fms-extensions'?
CMakeFiles/cmTC_0756d.dir/build.make:65: recipe for target 'CMakeFiles/cmTC_0756d.dir/src.cxx.o' failed
make[1]: *** [CMakeFiles/cmTC_0756d.dir/src.cxx.o] Error 1
make[1]: Leaving directory '/home/siddharth/Desktop/Georgia_Tech_courses/Robotics-Perception_Upenn/Logo_Projection/my_code/eigen-eigen-323c052e1731/cmake/CMakeFiles/CMakeTmp'
Makefile:126: recipe for target 'cmTC_0756d/fast' failed
make: *** [cmTC_0756d/fast] Error 2

Source file was:
int main() { return 0; }
Performing C++ SOURCE FILE Test COMPILER_SUPPORT_wd981 failed with the following output:
Change Dir: /home/siddharth/Desktop/Georgia_Tech_courses/Robotics-Perception_Upenn/Logo_Projection/my_code/eigen-eigen-323c052e1731/cmake/CMakeFiles/CMakeTmp

Run Build Command:"/usr/bin/make" "cmTC_a30eb/fast"
/usr/bin/make -f CMakeFiles/cmTC_a30eb.dir/build.make CMakeFiles/cmTC_a30eb.dir/build
make[1]: Entering directory '/home/siddharth/Desktop/Georgia_Tech_courses/Robotics-Perception_Upenn/Logo_Projection/my_code/eigen-eigen-323c052e1731/cmake/CMakeFiles/CMakeTmp'
Building CXX object CMakeFiles/cmTC_a30eb.dir/src.cxx.o
/usr/bin/c++     -std=c++03 -pedantic -Wall -Wextra -Wundef -Wcast-align -Wchar-subscripts -Wnon-virtual-dtor -Wunused-local-typedefs -Wpointer-arith -Wwrite-strings -Wformat-security -Wlogical-op -Wdouble-promotion -Wno-psabi -Wno-variadic-macros -Wno-long-long -fno-check-new -fno-common -fstrict-aliasing -DCOMPILER_SUPPORT_wd981 -Werror   -wd981 -o CMakeFiles/cmTC_a30eb.dir/src.cxx.o -c /home/siddharth/Desktop/Georgia_Tech_courses/Robotics-Perception_Upenn/Logo_Projection/my_code/eigen-eigen-323c052e1731/cmake/CMakeFiles/CMakeTmp/src.cxx
c++: error: unrecognized command line option '-wd981'
CMakeFiles/cmTC_a30eb.dir/build.make:65: recipe for target 'CMakeFiles/cmTC_a30eb.dir/src.cxx.o' failed
make[1]: *** [CMakeFiles/cmTC_a30eb.dir/src.cxx.o] Error 1
make[1]: Leaving directory '/home/siddharth/Desktop/Georgia_Tech_courses/Robotics-Perception_Upenn/Logo_Projection/my_code/eigen-eigen-323c052e1731/cmake/CMakeFiles/CMakeTmp'
Makefile:126: recipe for target 'cmTC_a30eb/fast' failed
make: *** [cmTC_a30eb/fast] Error 2

Source file was:
int main() { return 0; }
Performing C++ SOURCE FILE Test COMPILER_SUPPORT_wd2304 failed with the following output:
Change Dir: /home/siddharth/Desktop/Georgia_Tech_courses/Robotics-Perception_Upenn/Logo_Projection/my_code/eigen-eigen-323c052e1731/cmake/CMakeFiles/CMakeTmp

Run Build Command:"/usr/bin/make" "cmTC_8ddf7/fast"
/usr/bin/make -f CMakeFiles/cmTC_8ddf7.dir/build.make CMakeFiles/cmTC_8ddf7.dir/build
make[1]: Entering directory '/home/siddharth/Desktop/Georgia_Tech_courses/Robotics-Perception_Upenn/Logo_Projection/my_code/eigen-eigen-323c052e1731/cmake/CMakeFiles/CMakeTmp'
Building CXX object CMakeFiles/cmTC_8ddf7.dir/src.cxx.o
/usr/bin/c++     -std=c++03 -pedantic -Wall -Wextra -Wundef -Wcast-align -Wchar-subscripts -Wnon-virtual-dtor -Wunused-local-typedefs -Wpointer-arith -Wwrite-strings -Wformat-security -Wlogical-op -Wdouble-promotion -Wno-psabi -Wno-variadic-macros -Wno-long-long -fno-check-new -fno-common -fstrict-aliasing -DCOMPILER_SUPPORT_wd2304 -Werror   -wd2304 -o CMakeFiles/cmTC_8ddf7.dir/src.cxx.o -c /home/siddharth/Desktop/Georgia_Tech_courses/Robotics-Perception_Upenn/Logo_Projection/my_code/eigen-eigen-323c052e1731/cmake/CMakeFiles/CMakeTmp/src.cxx
c++: error: unrecognized command line option '-wd2304'
CMakeFiles/cmTC_8ddf7.dir/build.make:65: recipe for target 'CMakeFiles/cmTC_8ddf7.dir/src.cxx.o' failed
make[1]: *** [CMakeFiles/cmTC_8ddf7.dir/src.cxx.o] Error 1
make[1]: Leaving directory '/home/siddharth/Desktop/Georgia_Tech_courses/Robotics-Perception_Upenn/Logo_Projection/my_code/eigen-eigen-323c052e1731/cmake/CMakeFiles/CMakeTmp'
Makefile:126: recipe for target 'cmTC_8ddf7/fast' failed
make: *** [cmTC_8ddf7/fast] Error 2

Source file was:
int main() { return 0; }
Performing C++ SOURCE FILE Test COMPILER_SUPPORT_STRICTANSI failed with the following output:
Change Dir: /home/siddharth/Desktop/Georgia_Tech_courses/Robotics-Perception_Upenn/Logo_Projection/my_code/eigen-eigen-323c052e1731/cmake/CMakeFiles/CMakeTmp

Run Build Command:"/usr/bin/make" "cmTC_89440/fast"
/usr/bin/make -f CMakeFiles/cmTC_89440.dir/build.make CMakeFiles/cmTC_89440.dir/build
make[1]: Entering directory '/home/siddharth/Desktop/Georgia_Tech_courses/Robotics-Perception_Upenn/Logo_Projection/my_code/eigen-eigen-323c052e1731/cmake/CMakeFiles/CMakeTmp'
Building CXX object CMakeFiles/cmTC_89440.dir/src.cxx.o
/usr/bin/c++     -std=c++03 -pedantic -Wall -Wextra -Wundef -Wcast-align -Wchar-subscripts -Wnon-virtual-dtor -Wunused-local-typedefs -Wpointer-arith -Wwrite-strings -Wformat-security -Wlogical-op -Wdouble-promotion -Wno-psabi -Wno-variadic-macros -Wno-long-long -fno-check-new -fno-common -fstrict-aliasing -DCOMPILER_SUPPORT_STRICTANSI -Werror   -strict-ansi -o CMakeFiles/cmTC_89440.dir/src.cxx.o -c /home/siddharth/Desktop/Georgia_Tech_courses/Robotics-Perception_Upenn/Logo_Projection/my_code/eigen-eigen-323c052e1731/cmake/CMakeFiles/CMakeTmp/src.cxx
c++: error: unrecognized command line option '-strict-ansi'; did you mean '-fstrict-enums'?
CMakeFiles/cmTC_89440.dir/build.make:65: recipe for target 'CMakeFiles/cmTC_89440.dir/src.cxx.o' failed
make[1]: *** [CMakeFiles/cmTC_89440.dir/src.cxx.o] Error 1
make[1]: Leaving directory '/home/siddharth/Desktop/Georgia_Tech_courses/Robotics-Perception_Upenn/Logo_Projection/my_code/eigen-eigen-323c052e1731/cmake/CMakeFiles/CMakeTmp'
Makefile:126: recipe for target 'cmTC_89440/fast' failed
make: *** [cmTC_89440/fast] Error 2

Source file was:
int main() { return 0; }
Performing C++ SOURCE FILE Test COMPILER_SUPPORT_Qunusedarguments failed with the following output:
Change Dir: /home/siddharth/Desktop/Georgia_Tech_courses/Robotics-Perception_Upenn/Logo_Projection/my_code/eigen-eigen-323c052e1731/cmake/CMakeFiles/CMakeTmp

Run Build Command:"/usr/bin/make" "cmTC_9aa9d/fast"
/usr/bin/make -f CMakeFiles/cmTC_9aa9d.dir/build.make CMakeFiles/cmTC_9aa9d.dir/build
make[1]: Entering directory '/home/siddharth/Desktop/Georgia_Tech_courses/Robotics-Perception_Upenn/Logo_Projection/my_code/eigen-eigen-323c052e1731/cmake/CMakeFiles/CMakeTmp'
Building CXX object CMakeFiles/cmTC_9aa9d.dir/src.cxx.o
/usr/bin/c++     -std=c++03 -pedantic -Wall -Wextra -Wundef -Wcast-align -Wchar-subscripts -Wnon-virtual-dtor -Wunused-local-typedefs -Wpointer-arith -Wwrite-strings -Wformat-security -Wlogical-op -Wdouble-promotion -Wno-psabi -Wno-variadic-macros -Wno-long-long -fno-check-new -fno-common -fstrict-aliasing -DCOMPILER_SUPPORT_Qunusedarguments -Werror   -Qunused-arguments -o CMakeFiles/cmTC_9aa9d.dir/src.cxx.o -c /home/siddharth/Desktop/Georgia_Tech_courses/Robotics-Perception_Upenn/Logo_Projection/my_code/eigen-eigen-323c052e1731/cmake/CMakeFiles/CMakeTmp/src.cxx
c++: error: unrecognized command line option '-Qunused-arguments'; did you mean '-Wunused-parameter'?
CMakeFiles/cmTC_9aa9d.dir/build.make:65: recipe for target 'CMakeFiles/cmTC_9aa9d.dir/src.cxx.o' failed
make[1]: *** [CMakeFiles/cmTC_9aa9d.dir/src.cxx.o] Error 1
make[1]: Leaving directory '/home/siddharth/Desktop/Georgia_Tech_courses/Robotics-Perception_Upenn/Logo_Projection/my_code/eigen-eigen-323c052e1731/cmake/CMakeFiles/CMakeTmp'
Makefile:126: recipe for target 'cmTC_9aa9d/fast' failed
make: *** [cmTC_9aa9d/fast] Error 2

Source file was:
int main() { return 0; }
Determining if the Q_WS_WIN exist failed with the following output:
Change Dir: /home/siddharth/Desktop/Georgia_Tech_courses/Robotics-Perception_Upenn/Logo_Projection/my_code/eigen-eigen-323c052e1731/cmake/CMakeFiles/CMakeTmp

Run Build Command:"/usr/bin/make" "cmTC_b8316/fast"
/usr/bin/make -f CMakeFiles/cmTC_b8316.dir/build.make CMakeFiles/cmTC_b8316.dir/build
make[1]: Entering directory '/home/siddharth/Desktop/Georgia_Tech_courses/Robotics-Perception_Upenn/Logo_Projection/my_code/eigen-eigen-323c052e1731/cmake/CMakeFiles/CMakeTmp'
Building CXX object CMakeFiles/cmTC_b8316.dir/CheckSymbolExists.cxx.o
/usr/bin/c++    -I/usr/include/qt4  -std=c++03 -pedantic -Wall -Wextra -Wundef -Wcast-align -Wchar-subscripts -Wnon-virtual-dtor -Wunused-local-typedefs -Wpointer-arith -Wwrite-strings -Wformat-security -Wlogical-op -Wdouble-promotion -Wno-psabi -Wno-variadic-macros -Wno-long-long -fno-check-new -fno-common -fstrict-aliasing -ansi -O1 -g1    -o CMakeFiles/cmTC_b8316.dir/CheckSymbolExists.cxx.o -c /home/siddharth/Desktop/Georgia_Tech_courses/Robotics-Perception_Upenn/Logo_Projection/my_code/eigen-eigen-323c052e1731/cmake/CMakeFiles/CMakeTmp/CheckSymbolExists.cxx
/home/siddharth/Desktop/Georgia_Tech_courses/Robotics-Perception_Upenn/Logo_Projection/my_code/eigen-eigen-323c052e1731/cmake/CMakeFiles/CMakeTmp/CheckSymbolExists.cxx: In function ‘int main(int, char**)’:
/home/siddharth/Desktop/Georgia_Tech_courses/Robotics-Perception_Upenn/Logo_Projection/my_code/eigen-eigen-323c052e1731/cmake/CMakeFiles/CMakeTmp/CheckSymbolExists.cxx:8:19: error: ‘Q_WS_WIN’ was not declared in this scope
   return ((int*)(&Q_WS_WIN))[argc];
                   ^~~~~~~~
/home/siddharth/Desktop/Georgia_Tech_courses/Robotics-Perception_Upenn/Logo_Projection/my_code/eigen-eigen-323c052e1731/cmake/CMakeFiles/CMakeTmp/CheckSymbolExists.cxx:8:19: note: suggested alternative: ‘Q_WS_X11’
   return ((int*)(&Q_WS_WIN))[argc];
                   ^~~~~~~~
                   Q_WS_X11
CMakeFiles/cmTC_b8316.dir/build.make:65: recipe for target 'CMakeFiles/cmTC_b8316.dir/CheckSymbolExists.cxx.o' failed
make[1]: *** [CMakeFiles/cmTC_b8316.dir/CheckSymbolExists.cxx.o] Error 1
make[1]: Leaving directory '/home/siddharth/Desktop/Georgia_Tech_courses/Robotics-Perception_Upenn/Logo_Projection/my_code/eigen-eigen-323c052e1731/cmake/CMakeFiles/CMakeTmp'
Makefile:126: recipe for target 'cmTC_b8316/fast' failed
make: *** [cmTC_b8316/fast] Error 2

File /home/siddharth/Desktop/Georgia_Tech_courses/Robotics-Perception_Upenn/Logo_Projection/my_code/eigen-eigen-323c052e1731/cmake/CMakeFiles/CMakeTmp/CheckSymbolExists.cxx:
/* */
#include <QtCore/qglobal.h>

int main(int argc, char** argv)
{
  (void)argv;
#ifndef Q_WS_WIN
  return ((int*)(&Q_WS_WIN))[argc];
#else
  (void)argc;
  return 0;
#endif
}

Determining if the Q_WS_QWS exist failed with the following output:
Change Dir: /home/siddharth/Desktop/Georgia_Tech_courses/Robotics-Perception_Upenn/Logo_Projection/my_code/eigen-eigen-323c052e1731/cmake/CMakeFiles/CMakeTmp

Run Build Command:"/usr/bin/make" "cmTC_e08fb/fast"
/usr/bin/make -f CMakeFiles/cmTC_e08fb.dir/build.make CMakeFiles/cmTC_e08fb.dir/build
make[1]: Entering directory '/home/siddharth/Desktop/Georgia_Tech_courses/Robotics-Perception_Upenn/Logo_Projection/my_code/eigen-eigen-323c052e1731/cmake/CMakeFiles/CMakeTmp'
Building CXX object CMakeFiles/cmTC_e08fb.dir/CheckSymbolExists.cxx.o
/usr/bin/c++    -I/usr/include/qt4  -std=c++03 -pedantic -Wall -Wextra -Wundef -Wcast-align -Wchar-subscripts -Wnon-virtual-dtor -Wunused-local-typedefs -Wpointer-arith -Wwrite-strings -Wformat-security -Wlogical-op -Wdouble-promotion -Wno-psabi -Wno-variadic-macros -Wno-long-long -fno-check-new -fno-common -fstrict-aliasing -ansi -O1 -g1    -o CMakeFiles/cmTC_e08fb.dir/CheckSymbolExists.cxx.o -c /home/siddharth/Desktop/Georgia_Tech_courses/Robotics-Perception_Upenn/Logo_Projection/my_code/eigen-eigen-323c052e1731/cmake/CMakeFiles/CMakeTmp/CheckSymbolExists.cxx
/home/siddharth/Desktop/Georgia_Tech_courses/Robotics-Perception_Upenn/Logo_Projection/my_code/eigen-eigen-323c052e1731/cmake/CMakeFiles/CMakeTmp/CheckSymbolExists.cxx: In function ‘int main(int, char**)’:
/home/siddharth/Desktop/Georgia_Tech_courses/Robotics-Perception_Upenn/Logo_Projection/my_code/eigen-eigen-323c052e1731/cmake/CMakeFiles/CMakeTmp/CheckSymbolExists.cxx:8:19: error: ‘Q_WS_QWS’ was not declared in this scope
   return ((int*)(&Q_WS_QWS))[argc];
                   ^~~~~~~~
/home/siddharth/Desktop/Georgia_Tech_courses/Robotics-Perception_Upenn/Logo_Projection/my_code/eigen-eigen-323c052e1731/cmake/CMakeFiles/CMakeTmp/CheckSymbolExists.cxx:8:19: note: suggested alternative: ‘Q_WS_X11’
   return ((int*)(&Q_WS_QWS))[argc];
                   ^~~~~~~~
                   Q_WS_X11
CMakeFiles/cmTC_e08fb.dir/build.make:65: recipe for target 'CMakeFiles/cmTC_e08fb.dir/CheckSymbolExists.cxx.o' failed
make[1]: *** [CMakeFiles/cmTC_e08fb.dir/CheckSymbolExists.cxx.o] Error 1
make[1]: Leaving directory '/home/siddharth/Desktop/Georgia_Tech_courses/Robotics-Perception_Upenn/Logo_Projection/my_code/eigen-eigen-323c052e1731/cmake/CMakeFiles/CMakeTmp'
Makefile:126: recipe for target 'cmTC_e08fb/fast' failed
make: *** [cmTC_e08fb/fast] Error 2

File /home/siddharth/Desktop/Georgia_Tech_courses/Robotics-Perception_Upenn/Logo_Projection/my_code/eigen-eigen-323c052e1731/cmake/CMakeFiles/CMakeTmp/CheckSymbolExists.cxx:
/* */
#include <QtCore/qglobal.h>

int main(int argc, char** argv)
{
  (void)argv;
#ifndef Q_WS_QWS
  return ((int*)(&Q_WS_QWS))[argc];
#else
  (void)argc;
  return 0;
#endif
}

Determining if the Q_WS_MAC exist failed with the following output:
Change Dir: /home/siddharth/Desktop/Georgia_Tech_courses/Robotics-Perception_Upenn/Logo_Projection/my_code/eigen-eigen-323c052e1731/cmake/CMakeFiles/CMakeTmp

Run Build Command:"/usr/bin/make" "cmTC_6c110/fast"
/usr/bin/make -f CMakeFiles/cmTC_6c110.dir/build.make CMakeFiles/cmTC_6c110.dir/build
make[1]: Entering directory '/home/siddharth/Desktop/Georgia_Tech_courses/Robotics-Perception_Upenn/Logo_Projection/my_code/eigen-eigen-323c052e1731/cmake/CMakeFiles/CMakeTmp'
Building CXX object CMakeFiles/cmTC_6c110.dir/CheckSymbolExists.cxx.o
/usr/bin/c++    -I/usr/include/qt4  -std=c++03 -pedantic -Wall -Wextra -Wundef -Wcast-align -Wchar-subscripts -Wnon-virtual-dtor -Wunused-local-typedefs -Wpointer-arith -Wwrite-strings -Wformat-security -Wlogical-op -Wdouble-promotion -Wno-psabi -Wno-variadic-macros -Wno-long-long -fno-check-new -fno-common -fstrict-aliasing -ansi -O1 -g1    -o CMakeFiles/cmTC_6c110.dir/CheckSymbolExists.cxx.o -c /home/siddharth/Desktop/Georgia_Tech_courses/Robotics-Perception_Upenn/Logo_Projection/my_code/eigen-eigen-323c052e1731/cmake/CMakeFiles/CMakeTmp/CheckSymbolExists.cxx
/home/siddharth/Desktop/Georgia_Tech_courses/Robotics-Perception_Upenn/Logo_Projection/my_code/eigen-eigen-323c052e1731/cmake/CMakeFiles/CMakeTmp/CheckSymbolExists.cxx: In function ‘int main(int, char**)’:
/home/siddharth/Desktop/Georgia_Tech_courses/Robotics-Perception_Upenn/Logo_Projection/my_code/eigen-eigen-323c052e1731/cmake/CMakeFiles/CMakeTmp/CheckSymbolExists.cxx:8:19: error: ‘Q_WS_MAC’ was not declared in this scope
   return ((int*)(&Q_WS_MAC))[argc];
                   ^~~~~~~~
/home/siddharth/Desktop/Georgia_Tech_courses/Robotics-Perception_Upenn/Logo_Projection/my_code/eigen-eigen-323c052e1731/cmake/CMakeFiles/CMakeTmp/CheckSymbolExists.cxx:8:19: note: suggested alternative: ‘Q_WS_X11’
   return ((int*)(&Q_WS_MAC))[argc];
                   ^~~~~~~~
                   Q_WS_X11
CMakeFiles/cmTC_6c110.dir/build.make:65: recipe for target 'CMakeFiles/cmTC_6c110.dir/CheckSymbolExists.cxx.o' failed
make[1]: *** [CMakeFiles/cmTC_6c110.dir/CheckSymbolExists.cxx.o] Error 1
make[1]: Leaving directory '/home/siddharth/Desktop/Georgia_Tech_courses/Robotics-Perception_Upenn/Logo_Projection/my_code/eigen-eigen-323c052e1731/cmake/CMakeFiles/CMakeTmp'
Makefile:126: recipe for target 'cmTC_6c110/fast' failed
make: *** [cmTC_6c110/fast] Error 2

File /home/siddharth/Desktop/Georgia_Tech_courses/Robotics-Perception_Upenn/Logo_Projection/my_code/eigen-eigen-323c052e1731/cmake/CMakeFiles/CMakeTmp/CheckSymbolExists.cxx:
/* */
#include <QtCore/qglobal.h>

int main(int argc, char** argv)
{
  (void)argv;
#ifndef Q_WS_MAC
  return ((int*)(&Q_WS_MAC))[argc];
#else
  (void)argc;
  return 0;
#endif
}

Determining if the pthread_create exist failed with the following output:
Change Dir: /home/siddharth/Desktop/Georgia_Tech_courses/Robotics-Perception_Upenn/Logo_Projection/my_code/eigen-eigen-323c052e1731/cmake/CMakeFiles/CMakeTmp

Run Build Command:"/usr/bin/make" "cmTC_118f3/fast"
/usr/bin/make -f CMakeFiles/cmTC_118f3.dir/build.make CMakeFiles/cmTC_118f3.dir/build
make[1]: Entering directory '/home/siddharth/Desktop/Georgia_Tech_courses/Robotics-Perception_Upenn/Logo_Projection/my_code/eigen-eigen-323c052e1731/cmake/CMakeFiles/CMakeTmp'
Building C object CMakeFiles/cmTC_118f3.dir/CheckSymbolExists.c.o
/usr/bin/cc     -o CMakeFiles/cmTC_118f3.dir/CheckSymbolExists.c.o   -c /home/siddharth/Desktop/Georgia_Tech_courses/Robotics-Perception_Upenn/Logo_Projection/my_code/eigen-eigen-323c052e1731/cmake/CMakeFiles/CMakeTmp/CheckSymbolExists.c
Linking C executable cmTC_118f3
/usr/bin/cmake -E cmake_link_script CMakeFiles/cmTC_118f3.dir/link.txt --verbose=1
/usr/bin/cc       CMakeFiles/cmTC_118f3.dir/CheckSymbolExists.c.o  -o cmTC_118f3 -rdynamic 
CMakeFiles/cmTC_118f3.dir/CheckSymbolExists.c.o: In function `main':
CheckSymbolExists.c:(.text+0x16): undefined reference to `pthread_create'
collect2: error: ld returned 1 exit status
CMakeFiles/cmTC_118f3.dir/build.make:97: recipe for target 'cmTC_118f3' failed
make[1]: *** [cmTC_118f3] Error 1
make[1]: Leaving directory '/home/siddharth/Desktop/Georgia_Tech_courses/Robotics-Perception_Upenn/Logo_Projection/my_code/eigen-eigen-323c052e1731/cmake/CMakeFiles/CMakeTmp'
Makefile:126: recipe for target 'cmTC_118f3/fast' failed
make: *** [cmTC_118f3/fast] Error 2

File /home/siddharth/Desktop/Georgia_Tech_courses/Robotics-Perception_Upenn/Logo_Projection/my_code/eigen-eigen-323c052e1731/cmake/CMakeFiles/CMakeTmp/CheckSymbolExists.c:
/* */
#include <pthread.h>

int main(int argc, char** argv)
{
  (void)argv;
#ifndef pthread_create
  return ((int*)(&pthread_create))[argc];
#else
  (void)argc;
  return 0;
#endif
}

Determining if the function pthread_create exists in the pthreads failed with the following output:
Change Dir: /home/siddharth/Desktop/Georgia_Tech_courses/Robotics-Perception_Upenn/Logo_Projection/my_code/eigen-eigen-323c052e1731/cmake/CMakeFiles/CMakeTmp

Run Build Command:"/usr/bin/make" "cmTC_902bf/fast"
/usr/bin/make -f CMakeFiles/cmTC_902bf.dir/build.make CMakeFiles/cmTC_902bf.dir/build
make[1]: Entering directory '/home/siddharth/Desktop/Georgia_Tech_courses/Robotics-Perception_Upenn/Logo_Projection/my_code/eigen-eigen-323c052e1731/cmake/CMakeFiles/CMakeTmp'
Building C object CMakeFiles/cmTC_902bf.dir/CheckFunctionExists.c.o
/usr/bin/cc    -DCHECK_FUNCTION_EXISTS=pthread_create   -o CMakeFiles/cmTC_902bf.dir/CheckFunctionExists.c.o   -c /usr/share/cmake-3.5/Modules/CheckFunctionExists.c
Linking C executable cmTC_902bf
/usr/bin/cmake -E cmake_link_script CMakeFiles/cmTC_902bf.dir/link.txt --verbose=1
/usr/bin/cc   -DCHECK_FUNCTION_EXISTS=pthread_create    CMakeFiles/cmTC_902bf.dir/CheckFunctionExists.c.o  -o cmTC_902bf -rdynamic -lpthreads 
/usr/bin/ld: cannot find -lpthreads
collect2: error: ld returned 1 exit status
CMakeFiles/cmTC_902bf.dir/build.make:97: recipe for target 'cmTC_902bf' failed
make[1]: *** [cmTC_902bf] Error 1
make[1]: Leaving directory '/home/siddharth/Desktop/Georgia_Tech_courses/Robotics-Perception_Upenn/Logo_Projection/my_code/eigen-eigen-323c052e1731/cmake/CMakeFiles/CMakeTmp'
Makefile:126: recipe for target 'cmTC_902bf/fast' failed
make: *** [cmTC_902bf/fast] Error 2


